09:45:31 [ERROR] 例外狀況:System.Net.WebException: 遠端伺服器傳回一個錯誤: (404) 找不到。
   於 System.Net.HttpWebRequest.GetResponse()
   於 Gateway.Form1.PostQueue() 於 D:\Project\Gateway\Gateway\Form1.cs: 行 179
14:53:01 [ERROR] 例外狀況:System.Net.WebException: 遠端伺服器傳回一個錯誤: (404) 找不到。
   於 System.Net.HttpWebRequest.GetResponse()
   於 Gateway.Form1.PostQueue() 於 D:\Project\Gateway\Gateway\Form1.cs: 行 179
15:01:56 [INFOR] 程式執行正常
16:13:44 [ERROR] 例外狀況:System.Net.WebException: 遠端伺服器傳回一個錯誤: (404) 找不到。
   於 System.Net.HttpWebRequest.GetResponse()
   於 Gateway.Form1.PostQueue() 於 D:\Project\Gateway\Gateway\Form1.cs: 行 179
16:15:28 [INFOR] 程式執行正常
16:15:35 [ERROR] 例外狀況:System.Net.WebException: 遠端伺服器傳回一個錯誤: (404) 找不到。
   於 System.Net.HttpWebRequest.GetResponse()
   於 Gateway.Form1.PostQueue() 於 D:\Project\Gateway\Gateway\Form1.cs: 行 179
16:18:35 [ERROR] 例外狀況:System.Net.WebException: 遠端伺服器傳回一個錯誤: (404) 找不到。
   於 System.Net.HttpWebRequest.GetResponse()
   於 Gateway.Form1.PostQueue() 於 D:\Project\Gateway\Gateway\Form1.cs: 行 180
16:19:14 [INFOR] Post Rundown API
16:21:15 [INFOR] Post Rundown API
16:21:50 [INFOR] Post Rundown API
16:22:37 [INFOR] Post Rundown API
16:23:02 [INFOR] Post Rundown API
16:29:40 [INFOR] Post Rundown API
16:49:13 [INFOR] 程式執行正常
16:51:12 [INFOR] Post Rundown API
16:54:43 [INFOR] 程式執行正常
