10:05:39 [INFOR] 執行nBasysNews Application
10:05:58 [INFOR] 執行nBasysNews Application
10:06:11 [INFOR] 執行nBasysNews Application
10:06:35 [INFOR] 執行nBasysNews Application
10:06:46 [INFOR] 執行nBasysNews Application
10:06:53 [INFOR] 執行nBasysNews Application
10:07:00 [INFOR] 執行nBasysNews Application
10:08:14 [INFOR] 執行nBasysNews Application
10:08:16 [INFOR] 執行nBasysNews Application
10:08:23 [INFOR] 執行nBasysNews Application
10:08:26 [INFOR] 執行nBasysNews Application
10:11:36 [INFOR] 執行nBasysNews Application
10:11:54 [INFOR] 執行nBasysNews Application
10:12:27 [INFOR] 執行nBasysNews Application
10:12:29 [INFOR] 執行nBasysNews Application
10:12:49 [INFOR] 執行nBasysNews Application
10:12:54 [INFOR] 執行nBasysNews Application
10:14:00 [INFOR] 執行nBasysNews Application
10:14:02 [INFOR] 執行nBasysNews Application
10:15:22 [INFOR] 執行nBasysNews Application
10:15:24 [INFOR] 執行nBasysNews Application
10:15:37 [INFOR] 執行nBasysNews Application
10:15:40 [INFOR] 執行nBasysNews Application
10:15:54 [INFOR] 執行nBasysNews Application
10:16:02 [INFOR] 執行nBasysNews Application
10:16:09 [INFOR] 執行nBasysNews Application
10:16:15 [INFOR] 執行nBasysNews Application
11:14:25 [ERROR] 例外狀況:System.IndexOutOfRangeException: 索引在陣列的界限之外。
   於 nBasysNews.Program.Main(String[] args) 於 D:\Project\Gateway\nBasysNews\Program.cs: 行 43
11:14:48 [ERROR] 例外狀況:System.IndexOutOfRangeException: 索引在陣列的界限之外。
   於 nBasysNews.Program.Main(String[] args) 於 D:\Project\Gateway\nBasysNews\Program.cs: 行 43
11:14:56 [INFOR] 執行nBasysNews Application
11:15:19 [INFOR] 執行nBasysNews Application
11:24:11 [INFOR] 執行nBasysNews Application
11:24:48 [INFOR] 執行nBasysNews Application
11:26:16 [INFOR] 執行nBasysNews Application
11:26:47 [INFOR] 執行nBasysNews Application
11:27:13 [INFOR] 執行nBasysNews Application
13:55:59 [INFOR] 執行nBasysNews Application
13:56:31 [INFOR] 執行nBasysNews Application
13:56:47 [INFOR] 執行nBasysNews Application
13:58:05 [INFOR] 執行nBasysNews Application
14:03:35 [INFOR] 執行nBasysNews Application
14:03:55 [INFOR] 執行nBasysNews Application
14:05:29 [INFOR] 執行nBasysNews Application
14:05:46 [INFOR] 執行nBasysNews Application
14:05:52 [INFOR] 執行nBasysNews Application
14:05:54 [INFOR] 執行nBasysNews Application
14:06:05 [INFOR] 執行nBasysNews Application
14:06:10 [ERROR] 例外狀況:System.ArgumentNullException: 值不能為 null。
參數名稱: String
   於 System.Number.StringToNumber(String str, NumberStyles options, NumberBuffer& number, NumberFormatInfo info, Boolean parseDecimal)
   於 System.Number.ParseInt32(String s, NumberStyles style, NumberFormatInfo info)
   於 System.Int32.Parse(String s)
   於 nBasysNews.Program.Main(String[] args) 於 D:\Project\Gateway\nBasysNews\Program.cs: 行 58
14:33:52 [ERROR] 例外狀況:System.ArgumentNullException: 值不能為 null。
參數名稱: String
   於 System.Number.StringToNumber(String str, NumberStyles options, NumberBuffer& number, NumberFormatInfo info, Boolean parseDecimal)
   於 System.Number.ParseInt32(String s, NumberStyles style, NumberFormatInfo info)
   於 System.Int32.Parse(String s)
   於 nBasysNews.Program.Main(String[] args) 於 D:\Project\Gateway\nBasysNews\Program.cs: 行 58
14:34:05 [ERROR] 例外狀況:System.ArgumentNullException: 值不能為 null。
參數名稱: String
   於 System.Number.StringToNumber(String str, NumberStyles options, NumberBuffer& number, NumberFormatInfo info, Boolean parseDecimal)
   於 System.Number.ParseInt32(String s, NumberStyles style, NumberFormatInfo info)
   於 System.Int32.Parse(String s)
   於 nBasysNews.Program.Main(String[] args) 於 D:\Project\Gateway\nBasysNews\Program.cs: 行 58
14:34:09 [ERROR] 例外狀況:System.ArgumentNullException: 值不能為 null。
參數名稱: String
   於 System.Number.StringToNumber(String str, NumberStyles options, NumberBuffer& number, NumberFormatInfo info, Boolean parseDecimal)
   於 System.Number.ParseInt32(String s, NumberStyles style, NumberFormatInfo info)
   於 System.Int32.Parse(String s)
   於 nBasysNews.Program.Main(String[] args) 於 D:\Project\Gateway\nBasysNews\Program.cs: 行 58
14:34:49 [ERROR] 例外狀況:System.ArgumentNullException: 值不能為 null。
參數名稱: String
   於 System.Number.StringToNumber(String str, NumberStyles options, NumberBuffer& number, NumberFormatInfo info, Boolean parseDecimal)
   於 System.Number.ParseInt32(String s, NumberStyles style, NumberFormatInfo info)
   於 System.Int32.Parse(String s)
   於 nBasysNews.Program.Main(String[] args) 於 D:\Project\Gateway\nBasysNews\Program.cs: 行 58
14:34:54 [ERROR] 例外狀況:System.ArgumentNullException: 值不能為 null。
參數名稱: String
   於 System.Number.StringToNumber(String str, NumberStyles options, NumberBuffer& number, NumberFormatInfo info, Boolean parseDecimal)
   於 System.Number.ParseInt32(String s, NumberStyles style, NumberFormatInfo info)
   於 System.Int32.Parse(String s)
   於 nBasysNews.Program.Main(String[] args) 於 D:\Project\Gateway\nBasysNews\Program.cs: 行 58
14:35:45 [ERROR] 例外狀況:System.ArgumentNullException: 值不能為 null。
參數名稱: String
   於 System.Number.StringToNumber(String str, NumberStyles options, NumberBuffer& number, NumberFormatInfo info, Boolean parseDecimal)
   於 System.Number.ParseInt32(String s, NumberStyles style, NumberFormatInfo info)
   於 System.Int32.Parse(String s)
   於 nBasysNews.Program.Main(String[] args) 於 D:\Project\Gateway\nBasysNews\Program.cs: 行 58
14:36:32 [INFOR] 執行nBasysNews Application
14:36:46 [INFOR] 執行nBasysNews Application
14:37:12 [INFOR] 執行nBasysNews Application
14:37:15 [ERROR] 例外狀況:System.IndexOutOfRangeException: 索引在陣列的界限之外。
   於 nBasysNews.Program.Main(String[] args) 於 D:\Project\Gateway\nBasysNews\Program.cs: 行 58
14:37:18 [ERROR] 例外狀況:System.IndexOutOfRangeException: 索引在陣列的界限之外。
   於 nBasysNews.Program.Main(String[] args) 於 D:\Project\Gateway\nBasysNews\Program.cs: 行 58
14:37:20 [INFOR] 執行nBasysNews Application
14:37:30 [INFOR] 執行nBasysNews Application
14:37:59 [INFOR] 執行nBasysNews Application
14:38:04 [INFOR] 執行nBasysNews Application
14:38:10 [INFOR] 執行nBasysNews Application
15:02:04 [ERROR] 例外狀況:System.IndexOutOfRangeException: 索引在陣列的界限之外。
   於 nBasysNews.Program.Main(String[] args) 於 D:\Project\Gateway\nBasysNews\Program.cs: 行 58
15:02:11 [INFOR] 執行nBasysNews Application
15:02:40 [ERROR] 例外狀況:System.IndexOutOfRangeException: 索引在陣列的界限之外。
   於 nBasysNews.Program.Main(String[] args) 於 D:\Project\Gateway\nBasysNews\Program.cs: 行 61
15:02:43 [INFOR] 執行nBasysNews Application
15:03:20 [ERROR] 例外狀況:System.IndexOutOfRangeException: 索引在陣列的界限之外。
   於 nBasysNews.Program.Main(String[] args) 於 D:\Project\Gateway\nBasysNews\Program.cs: 行 61
15:03:23 [INFOR] 執行nBasysNews Application
15:03:43 [ERROR] 例外狀況:Microsoft.CSharp.RuntimeBinder.RuntimeBinderException: 'Newtonsoft.Json.Linq.JArray' 不包含 'Length' 的定義
   於 CallSite.Target(Closure , CallSite , Object )
   於 System.Dynamic.UpdateDelegates.UpdateAndExecute1[T0,TRet](CallSite site, T0 arg0)
   於 nBasysNews.Program.Main(String[] args) 於 D:\Project\Gateway\nBasysNews\Program.cs: 行 56
15:03:45 [ERROR] 例外狀況:Microsoft.CSharp.RuntimeBinder.RuntimeBinderException: 'Newtonsoft.Json.Linq.JArray' 不包含 'Length' 的定義
   於 CallSite.Target(Closure , CallSite , Object )
   於 System.Dynamic.UpdateDelegates.UpdateAndExecute1[T0,TRet](CallSite site, T0 arg0)
   於 nBasysNews.Program.Main(String[] args) 於 D:\Project\Gateway\nBasysNews\Program.cs: 行 56
15:03:46 [ERROR] 例外狀況:Microsoft.CSharp.RuntimeBinder.RuntimeBinderException: 'Newtonsoft.Json.Linq.JArray' 不包含 'Length' 的定義
   於 CallSite.Target(Closure , CallSite , Object )
   於 System.Dynamic.UpdateDelegates.UpdateAndExecute1[T0,TRet](CallSite site, T0 arg0)
   於 nBasysNews.Program.Main(String[] args) 於 D:\Project\Gateway\nBasysNews\Program.cs: 行 56
15:03:57 [ERROR] 例外狀況:System.IndexOutOfRangeException: 索引在陣列的界限之外。
   於 nBasysNews.Program.Main(String[] args) 於 D:\Project\Gateway\nBasysNews\Program.cs: 行 61
15:03:59 [INFOR] 執行nBasysNews Application
15:16:14 [ERROR] 例外狀況:System.IndexOutOfRangeException: 索引在陣列的界限之外。
   於 nBasysNews.Program.Main(String[] args) 於 D:\Project\Gateway\nBasysNews\Program.cs: 行 60
15:16:19 [ERROR] 例外狀況:System.IndexOutOfRangeException: 索引在陣列的界限之外。
   於 nBasysNews.Program.Main(String[] args) 於 D:\Project\Gateway\nBasysNews\Program.cs: 行 60
15:16:23 [INFOR] 執行nBasysNews Application
15:16:25 [INFOR] 執行nBasysNews Application
15:16:34 [ERROR] 例外狀況:System.IndexOutOfRangeException: 索引在陣列的界限之外。
   於 nBasysNews.Program.Main(String[] args) 於 D:\Project\Gateway\nBasysNews\Program.cs: 行 62
15:16:36 [INFOR] 執行nBasysNews Application
15:16:56 [ERROR] 例外狀況:System.IndexOutOfRangeException: 索引在陣列的界限之外。
   於 nBasysNews.Program.Main(String[] args) 於 D:\Project\Gateway\nBasysNews\Program.cs: 行 62
15:16:59 [INFOR] 執行nBasysNews Application
15:20:08 [INFOR] 執行nBasysNews Application
15:25:10 [ERROR] 例外狀況:System.IndexOutOfRangeException: 索引在陣列的界限之外。
   於 nBasysNews.Program.Main(String[] args) 於 D:\Project\Gateway\nBasysNews\Program.cs: 行 61
15:25:16 [ERROR] 例外狀況:System.IndexOutOfRangeException: 索引在陣列的界限之外。
   於 nBasysNews.Program.Main(String[] args) 於 D:\Project\Gateway\nBasysNews\Program.cs: 行 61
15:25:27 [ERROR] 例外狀況:Microsoft.CSharp.RuntimeBinder.RuntimeBinderException: 'Newtonsoft.Json.Linq.JArray' 不包含 'billItemIndex' 的定義
   於 CallSite.Target(Closure , CallSite , Object )
   於 System.Dynamic.UpdateDelegates.UpdateAndExecute1[T0,TRet](CallSite site, T0 arg0)
   於 nBasysNews.Program.Main(String[] args) 於 D:\Project\Gateway\nBasysNews\Program.cs: 行 67
15:26:33 [ERROR] 例外狀況:System.IndexOutOfRangeException: 索引在陣列的界限之外。
   於 nBasysNews.Program.Main(String[] args) 於 D:\Project\Gateway\nBasysNews\Program.cs: 行 61
15:34:11 [ERROR] 例外狀況:System.IndexOutOfRangeException: 索引在陣列的界限之外。
   於 nBasysNews.Program.Main(String[] args) 於 D:\Project\Gateway\nBasysNews\Program.cs: 行 61
15:34:29 [INFOR] 執行nBasysNews Application
15:34:33 [INFOR] 執行nBasysNews Application
15:34:36 [INFOR] 執行nBasysNews Application
15:51:20 [ERROR] 例外狀況:System.IndexOutOfRangeException: 索引在陣列的界限之外。
   於 nBasysNews.Program.Main(String[] args) 於 D:\Project\Gateway\nBasysNews\Program.cs: 行 61
15:54:07 [ERROR] 例外狀況:System.IndexOutOfRangeException: 索引在陣列的界限之外。
   於 nBasysNews.Program.Main(String[] args) 於 D:\Project\Gateway\nBasysNews\Program.cs: 行 61
15:55:03 [ERROR] 例外狀況:System.IndexOutOfRangeException: 索引在陣列的界限之外。
   於 nBasysNews.Program.Main(String[] args) 於 D:\Project\Gateway\nBasysNews\Program.cs: 行 61
15:55:05 [INFOR] 執行nBasysNews Application
15:55:15 [INFOR] 執行nBasysNews Application
15:55:26 [INFOR] 執行nBasysNews Application
15:55:34 [INFOR] 執行nBasysNews Application
15:58:49 [ERROR] 例外狀況:System.IndexOutOfRangeException: 索引在陣列的界限之外。
   於 nBasysNews.Program.Main(String[] args) 於 D:\Project\Gateway\nBasysNews\Program.cs: 行 61
15:58:52 [INFOR] 執行nBasysNews Application
15:58:56 [INFOR] 執行nBasysNews Application
16:07:01 [ERROR] 例外狀況:System.IndexOutOfRangeException: 索引在陣列的界限之外。
   於 nBasysNews.Program.Main(String[] args) 於 D:\Project\Gateway\nBasysNews\Program.cs: 行 61
16:07:06 [INFOR] 執行nBasysNews Application
16:07:11 [INFOR] 執行nBasysNews Application
16:07:40 [INFOR] 執行nBasysNews Application
16:23:58 [ERROR] 例外狀況:System.IndexOutOfRangeException: 索引在陣列的界限之外。
   於 nBasysNews.Program.Main(String[] args) 於 D:\Project\Gateway\nBasysNews\Program.cs: 行 62
16:24:04 [INFOR] 執行nBasysNews Application
16:24:33 [ERROR] 例外狀況:System.IndexOutOfRangeException: 索引在陣列的界限之外。
   於 nBasysNews.Program.Main(String[] args) 於 D:\Project\Gateway\nBasysNews\Program.cs: 行 62
16:24:37 [INFOR] 執行nBasysNews Application
16:24:38 [INFOR] 執行nBasysNews Application
16:24:38 [INFOR] 執行nBasysNews Application
16:29:32 [ERROR] 例外狀況:System.IndexOutOfRangeException: 索引在陣列的界限之外。
   於 nBasysNews.Program.Main(String[] args) 於 D:\Project\Gateway\nBasysNews\Program.cs: 行 62
16:54:53 [ERROR] 例外狀況:System.IndexOutOfRangeException: 索引在陣列的界限之外。
   於 nBasysNews.Program.Main(String[] args) 於 D:\Project\Gateway\nBasysNews\Program.cs: 行 62
16:54:54 [INFOR] 執行nBasysNews Application
16:55:07 [INFOR] 執行nBasysNews Application
16:55:48 [ERROR] 例外狀況:System.IndexOutOfRangeException: 索引在陣列的界限之外。
   於 nBasysNews.Program.Main(String[] args) 於 D:\Project\Gateway\nBasysNews\Program.cs: 行 62
16:55:52 [ERROR] 例外狀況:System.IndexOutOfRangeException: 索引在陣列的界限之外。
   於 nBasysNews.Program.Main(String[] args) 於 D:\Project\Gateway\nBasysNews\Program.cs: 行 62
16:56:08 [ERROR] 例外狀況:System.IndexOutOfRangeException: 索引在陣列的界限之外。
   於 nBasysNews.Program.Main(String[] args) 於 D:\Project\Gateway\nBasysNews\Program.cs: 行 62
16:56:14 [INFOR] 執行nBasysNews Application
17:06:58 [ERROR] 例外狀況:System.IndexOutOfRangeException: 索引在陣列的界限之外。
   於 nBasysNews.Program.Main(String[] args) 於 D:\Project\Gateway\nBasysNews\Program.cs: 行 62
17:07:13 [ERROR] 例外狀況:Microsoft.CSharp.RuntimeBinder.RuntimeBinderException: 無法將類型 'Newtonsoft.Json.Linq.JArray' 隱含轉換為 'int'。已有明確轉換存在 (您是否漏掉了轉型?)
   於 CallSite.Target(Closure , CallSite , Object )
   於 System.Dynamic.UpdateDelegates.UpdateAndExecute1[T0,TRet](CallSite site, T0 arg0)
   於 nBasysNews.Program.Main(String[] args) 於 D:\Project\Gateway\nBasysNews\Program.cs: 行 74
17:09:38 [ERROR] 例外狀況:System.IndexOutOfRangeException: 索引在陣列的界限之外。
   於 nBasysNews.Program.Main(String[] args) 於 D:\Project\Gateway\nBasysNews\Program.cs: 行 62
17:09:42 [ERROR] 例外狀況:Microsoft.CSharp.RuntimeBinder.RuntimeBinderException: 無法將類型 'Newtonsoft.Json.Linq.JArray' 隱含轉換為 'int'。已有明確轉換存在 (您是否漏掉了轉型?)
   於 CallSite.Target(Closure , CallSite , Object )
   於 System.Dynamic.UpdateDelegates.UpdateAndExecute1[T0,TRet](CallSite site, T0 arg0)
   於 nBasysNews.Program.Main(String[] args) 於 D:\Project\Gateway\nBasysNews\Program.cs: 行 74
17:12:44 [ERROR] 例外狀況:System.IndexOutOfRangeException: 索引在陣列的界限之外。
   於 nBasysNews.Program.Main(String[] args) 於 D:\Project\Gateway\nBasysNews\Program.cs: 行 62
17:12:47 [ERROR] 例外狀況:Microsoft.CSharp.RuntimeBinder.RuntimeBinderException: 'Newtonsoft.Json.Linq.JArray' 不包含 'index' 的定義
   於 CallSite.Target(Closure , CallSite , Object )
   於 System.Dynamic.UpdateDelegates.UpdateAndExecute1[T0,TRet](CallSite site, T0 arg0)
   於 nBasysNews.Program.Main(String[] args) 於 D:\Project\Gateway\nBasysNews\Program.cs: 行 79
17:13:16 [ERROR] 例外狀況:System.IndexOutOfRangeException: 索引在陣列的界限之外。
   於 nBasysNews.Program.Main(String[] args) 於 D:\Project\Gateway\nBasysNews\Program.cs: 行 62
17:13:19 [ERROR] 例外狀況:Microsoft.CSharp.RuntimeBinder.RuntimeBinderException: 'Newtonsoft.Json.Linq.JArray' 不包含 'billItemIndex' 的定義
   於 CallSite.Target(Closure , CallSite , Object )
   於 System.Dynamic.UpdateDelegates.UpdateAndExecute1[T0,TRet](CallSite site, T0 arg0)
   於 nBasysNews.Program.Main(String[] args) 於 D:\Project\Gateway\nBasysNews\Program.cs: 行 79
17:13:22 [ERROR] 例外狀況:Microsoft.CSharp.RuntimeBinder.RuntimeBinderException: 'Newtonsoft.Json.Linq.JArray' 不包含 'billItemIndex' 的定義
   於 CallSite.Target(Closure , CallSite , Object )
   於 System.Dynamic.UpdateDelegates.UpdateAndExecute1[T0,TRet](CallSite site, T0 arg0)
   於 nBasysNews.Program.Main(String[] args) 於 D:\Project\Gateway\nBasysNews\Program.cs: 行 79
17:14:51 [ERROR] 例外狀況:System.IndexOutOfRangeException: 索引在陣列的界限之外。
   於 nBasysNews.Program.Main(String[] args) 於 D:\Project\Gateway\nBasysNews\Program.cs: 行 62
17:14:54 [ERROR] 例外狀況:Microsoft.CSharp.RuntimeBinder.RuntimeBinderException: 無法將運算子 '<=' 套用至類型 'int' 和 'Newtonsoft.Json.Linq.JValue' 的運算元
   於 CallSite.Target(Closure , CallSite , Int32 , Object )
   於 System.Dynamic.UpdateDelegates.UpdateAndExecute2[T0,T1,TRet](CallSite site, T0 arg0, T1 arg1)
   於 nBasysNews.Program.Main(String[] args) 於 D:\Project\Gateway\nBasysNews\Program.cs: 行 81
17:16:22 [ERROR] 例外狀況:System.IndexOutOfRangeException: 索引在陣列的界限之外。
   於 nBasysNews.Program.Main(String[] args) 於 D:\Project\Gateway\nBasysNews\Program.cs: 行 62
17:16:27 [ERROR] 例外狀況:Microsoft.CSharp.RuntimeBinder.RuntimeBinderException: 無法將運算子 '<' 套用至類型 'int' 和 'Newtonsoft.Json.Linq.JValue' 的運算元
   於 CallSite.Target(Closure , CallSite , Int32 , Object )
   於 System.Dynamic.UpdateDelegates.UpdateAndExecute2[T0,T1,TRet](CallSite site, T0 arg0, T1 arg1)
   於 nBasysNews.Program.Main(String[] args) 於 D:\Project\Gateway\nBasysNews\Program.cs: 行 81
17:16:55 [ERROR] 例外狀況:System.IndexOutOfRangeException: 索引在陣列的界限之外。
   於 nBasysNews.Program.Main(String[] args) 於 D:\Project\Gateway\nBasysNews\Program.cs: 行 62
17:16:58 [ERROR] 例外狀況:Microsoft.CSharp.RuntimeBinder.RuntimeBinderException: 最符合的多載方法 'int.Parse(string)' 有一些無效的引數
   於 CallSite.Target(Closure , CallSite , Type , Object )
   於 System.Dynamic.UpdateDelegates.UpdateAndExecute2[T0,T1,TRet](CallSite site, T0 arg0, T1 arg1)
   於 nBasysNews.Program.Main(String[] args) 於 D:\Project\Gateway\nBasysNews\Program.cs: 行 81
17:17:49 [ERROR] 例外狀況:System.IndexOutOfRangeException: 索引在陣列的界限之外。
   於 nBasysNews.Program.Main(String[] args) 於 D:\Project\Gateway\nBasysNews\Program.cs: 行 62
17:17:52 [ERROR] 例外狀況:Microsoft.CSharp.RuntimeBinder.RuntimeBinderException: 最符合的多載方法 'int.Parse(string)' 有一些無效的引數
   於 CallSite.Target(Closure , CallSite , Type , Object )
   於 System.Dynamic.UpdateDelegates.UpdateAndExecute2[T0,T1,TRet](CallSite site, T0 arg0, T1 arg1)
   於 nBasysNews.Program.Main(String[] args) 於 D:\Project\Gateway\nBasysNews\Program.cs: 行 81
17:19:48 [ERROR] 例外狀況:System.IndexOutOfRangeException: 索引在陣列的界限之外。
   於 nBasysNews.Program.Main(String[] args) 於 D:\Project\Gateway\nBasysNews\Program.cs: 行 62
17:19:52 [INFOR] 執行nBasysNews Application
17:21:43 [INFOR] 執行nBasysNews Application
17:22:26 [ERROR] 例外狀況:System.IndexOutOfRangeException: 索引在陣列的界限之外。
   於 nBasysNews.Program.Main(String[] args) 於 D:\Project\Gateway\nBasysNews\Program.cs: 行 62
17:22:30 [INFOR] 執行nBasysNews Application
17:22:58 [ERROR] 例外狀況:System.IndexOutOfRangeException: 索引在陣列的界限之外。
   於 nBasysNews.Program.Main(String[] args) 於 D:\Project\Gateway\nBasysNews\Program.cs: 行 62
17:23:17 [ERROR] 例外狀況:System.IndexOutOfRangeException: 索引在陣列的界限之外。
   於 nBasysNews.Program.Main(String[] args) 於 D:\Project\Gateway\nBasysNews\Program.cs: 行 62
17:24:28 [ERROR] 例外狀況:System.IndexOutOfRangeException: 索引在陣列的界限之外。
   於 nBasysNews.Program.Main(String[] args) 於 D:\Project\Gateway\nBasysNews\Program.cs: 行 62
17:24:31 [INFOR] 執行nBasysNews Application
17:25:25 [ERROR] 例外狀況:System.IndexOutOfRangeException: 索引在陣列的界限之外。
   於 nBasysNews.Program.Main(String[] args) 於 D:\Project\Gateway\nBasysNews\Program.cs: 行 62
17:25:27 [INFOR] 執行nBasysNews Application
17:25:47 [ERROR] 例外狀況:System.IndexOutOfRangeException: 索引在陣列的界限之外。
   於 nBasysNews.Program.Main(String[] args) 於 D:\Project\Gateway\nBasysNews\Program.cs: 行 62
17:25:48 [INFOR] 執行nBasysNews Application
17:26:16 [ERROR] 例外狀況:System.IndexOutOfRangeException: 索引在陣列的界限之外。
   於 nBasysNews.Program.Main(String[] args) 於 D:\Project\Gateway\nBasysNews\Program.cs: 行 62
17:26:18 [INFOR] 執行nBasysNews Application
17:26:32 [ERROR] 例外狀況:System.IndexOutOfRangeException: 索引在陣列的界限之外。
   於 nBasysNews.Program.Main(String[] args) 於 D:\Project\Gateway\nBasysNews\Program.cs: 行 62
17:26:35 [INFOR] 執行nBasysNews Application
17:28:22 [ERROR] 例外狀況:System.IndexOutOfRangeException: 索引在陣列的界限之外。
   於 nBasysNews.Program.Main(String[] args) 於 D:\Project\Gateway\nBasysNews\Program.cs: 行 62
17:28:25 [INFOR] 執行nBasysNews Application
17:28:39 [ERROR] 例外狀況:System.IndexOutOfRangeException: 索引在陣列的界限之外。
   於 nBasysNews.Program.Main(String[] args) 於 D:\Project\Gateway\nBasysNews\Program.cs: 行 62
17:28:41 [INFOR] 執行nBasysNews Application
17:33:51 [ERROR] 例外狀況:Microsoft.CSharp.RuntimeBinder.RuntimeBinderException: 'Newtonsoft.Json.Linq.JProperty' 不包含 'billItemActualID' 的定義
   於 CallSite.Target(Closure , CallSite , Object )
   於 System.Dynamic.UpdateDelegates.UpdateAndExecute1[T0,TRet](CallSite site, T0 arg0)
   於 nBasysNews.Program.Main(String[] args) 於 D:\Project\Gateway\nBasysNews\Program.cs: 行 70
17:33:53 [ERROR] 例外狀況:Microsoft.CSharp.RuntimeBinder.RuntimeBinderException: 'Newtonsoft.Json.Linq.JProperty' 不包含 'billItemActualID' 的定義
   於 CallSite.Target(Closure , CallSite , Object )
   於 System.Dynamic.UpdateDelegates.UpdateAndExecute1[T0,TRet](CallSite site, T0 arg0)
   於 nBasysNews.Program.Main(String[] args) 於 D:\Project\Gateway\nBasysNews\Program.cs: 行 70
17:35:09 [ERROR] 例外狀況:Microsoft.CSharp.RuntimeBinder.RuntimeBinderException: 'Newtonsoft.Json.Linq.JProperty' 不包含 'billItemActualID' 的定義
   於 CallSite.Target(Closure , CallSite , Object )
   於 System.Dynamic.UpdateDelegates.UpdateAndExecute1[T0,TRet](CallSite site, T0 arg0)
   於 nBasysNews.Program.Main(String[] args) 於 D:\Project\Gateway\nBasysNews\Program.cs: 行 70
17:35:12 [ERROR] 例外狀況:Microsoft.CSharp.RuntimeBinder.RuntimeBinderException: 'Newtonsoft.Json.Linq.JProperty' 不包含 'billItemActualID' 的定義
   於 CallSite.Target(Closure , CallSite , Object )
   於 System.Dynamic.UpdateDelegates.UpdateAndExecute1[T0,TRet](CallSite site, T0 arg0)
   於 nBasysNews.Program.Main(String[] args) 於 D:\Project\Gateway\nBasysNews\Program.cs: 行 70
17:40:58 [ERROR] 例外狀況:System.IndexOutOfRangeException: 索引在陣列的界限之外。
   於 nBasysNews.Program.Main(String[] args) 於 D:\Project\Gateway\nBasysNews\Program.cs: 行 48
17:41:04 [INFOR] 執行nBasysNews Application
17:45:12 [ERROR] 例外狀況:System.IndexOutOfRangeException: 索引在陣列的界限之外。
   於 nBasysNews.Program.Main(String[] args) 於 D:\Project\Gateway\nBasysNews\Program.cs: 行 48
17:45:15 [INFOR] 執行nBasysNews Application
17:47:06 [ERROR] 例外狀況:System.IndexOutOfRangeException: 索引在陣列的界限之外。
   於 nBasysNews.Program.Main(String[] args) 於 D:\Project\Gateway\nBasysNews\Program.cs: 行 48
17:47:10 [INFOR] 執行nBasysNews Application
18:12:44 [ERROR] 例外狀況:System.IndexOutOfRangeException: 索引在陣列的界限之外。
   於 nBasysNews.Program.Main(String[] args) 於 D:\Project\Gateway\nBasysNews\Program.cs: 行 48
18:12:48 [ERROR] 例外狀況:System.ArgumentOutOfRangeException: 索引超出範圍。必須為非負數且小於集合的大小。
參數名稱: index
   於 System.ThrowHelper.ThrowArgumentOutOfRangeException(ExceptionArgument argument, ExceptionResource resource)
   於 System.Collections.Generic.List`1.get_Item(Int32 index)
   於 Newtonsoft.Json.Linq.JContainer.GetItem(Int32 index)
   於 CallSite.Target(Closure , CallSite , Object , Int32 )
   於 nBasysNews.Program.Main(String[] args) 於 D:\Project\Gateway\nBasysNews\Program.cs: 行 65
18:13:53 [ERROR] 例外狀況:System.IndexOutOfRangeException: 索引在陣列的界限之外。
   於 nBasysNews.Program.Main(String[] args) 於 D:\Project\Gateway\nBasysNews\Program.cs: 行 48
18:13:57 [ERROR] 例外狀況:System.ArgumentOutOfRangeException: 索引超出範圍。必須為非負數且小於集合的大小。
參數名稱: index
   於 System.ThrowHelper.ThrowArgumentOutOfRangeException(ExceptionArgument argument, ExceptionResource resource)
   於 System.Collections.Generic.List`1.get_Item(Int32 index)
   於 Newtonsoft.Json.Linq.JContainer.GetItem(Int32 index)
   於 CallSite.Target(Closure , CallSite , Object , Int32 )
   於 nBasysNews.Program.Main(String[] args) 於 D:\Project\Gateway\nBasysNews\Program.cs: 行 65
