09:42:11 [INFOR] 執行nBasysNews Application
09:42:52 [ERROR] 例外狀況:System.IndexOutOfRangeException: 索引在陣列的界限之外。
   於 nBasysNews.Program.Main(String[] args) 於 D:\Project\Gateway\nBasysNews\Program.cs: 行 48
09:43:32 [INFOR] 執行nBasysNews Application
09:44:00 [ERROR] 例外狀況:System.ArgumentOutOfRangeException: 索引超出範圍。必須為非負數且小於集合的大小。
參數名稱: index
   於 System.ThrowHelper.ThrowArgumentOutOfRangeException(ExceptionArgument argument, ExceptionResource resource)
   於 System.Collections.Generic.List`1.get_Item(Int32 index)
   於 Newtonsoft.Json.Linq.JContainer.GetItem(Int32 index)
   於 CallSite.Target(Closure , CallSite , Object , Int32 )
   於 nBasysNews.Program.Main(String[] args) 於 D:\Project\Gateway\nBasysNews\Program.cs: 行 65
10:08:13 [ERROR] 例外狀況:System.IndexOutOfRangeException: 索引在陣列的界限之外。
   於 nBasysNews.Program.Main(String[] args) 於 D:\Project\Gateway\nBasysNews\Program.cs: 行 48
10:08:20 [INFOR] 執行nBasysNews Application
10:08:23 [ERROR] 例外狀況:System.IndexOutOfRangeException: 索引在陣列的界限之外。
   於 nBasysNews.Program.Main(String[] args) 於 D:\Project\Gateway\nBasysNews\Program.cs: 行 48
10:08:35 [INFOR] 執行nBasysNews Application
10:13:47 [ERROR] 例外狀況:System.IndexOutOfRangeException: 索引在陣列的界限之外。
   於 nBasysNews.Program.Main(String[] args) 於 D:\Project\Gateway\nBasysNews\Program.cs: 行 49
10:13:53 [INFOR] 執行nBasysNews Application
10:30:12 [ERROR] 例外狀況:System.IndexOutOfRangeException: 索引在陣列的界限之外。
   於 nBasysNews.Program.Main(String[] args) 於 D:\Project\Gateway\nBasysNews\Program.cs: 行 51
10:30:15 [INFOR] 執行nBasysNews Application
10:38:08 [INFOR] 執行nBasysNews Application
10:38:19 [ERROR] 例外狀況:System.IndexOutOfRangeException: 索引在陣列的界限之外。
   於 nBasysNews.Program.Main(String[] args) 於 D:\Project\Gateway\nBasysNews\Program.cs: 行 51
10:38:21 [ERROR] 例外狀況:Microsoft.CSharp.RuntimeBinder.RuntimeBinderException: 'Newtonsoft.Json.Linq.JArray' 不包含 'length' 的定義
   於 CallSite.Target(Closure , CallSite , Object )
   於 System.Dynamic.UpdateDelegates.UpdateAndExecute1[T0,TRet](CallSite site, T0 arg0)
   於 nBasysNews.Program.Main(String[] args) 於 D:\Project\Gateway\nBasysNews\Program.cs: 行 53
10:39:56 [ERROR] 例外狀況:System.IndexOutOfRangeException: 索引在陣列的界限之外。
   於 nBasysNews.Program.Main(String[] args) 於 D:\Project\Gateway\nBasysNews\Program.cs: 行 51
10:39:59 [INFOR] 執行nBasysNews Application
10:40:44 [ERROR] 例外狀況:System.IndexOutOfRangeException: 索引在陣列的界限之外。
   於 nBasysNews.Program.Main(String[] args) 於 D:\Project\Gateway\nBasysNews\Program.cs: 行 51
10:40:47 [INFOR] 執行nBasysNews Application
11:18:21 [ERROR] 例外狀況:System.IndexOutOfRangeException: 索引在陣列的界限之外。
   於 nBasysNews.Program.Main(String[] args) 於 D:\Project\Gateway\nBasysNews\Program.cs: 行 51
11:18:36 [INFOR] 執行nBasysNews Application
11:19:10 [ERROR] 例外狀況:System.IndexOutOfRangeException: 索引在陣列的界限之外。
   於 nBasysNews.Program.Main(String[] args) 於 D:\Project\Gateway\nBasysNews\Program.cs: 行 51
11:19:12 [ERROR] 例外狀況:Microsoft.CSharp.RuntimeBinder.RuntimeBinderException: 'Newtonsoft.Json.Linq.JArray' 不包含 'length' 的定義
   於 CallSite.Target(Closure , CallSite , Object )
   於 System.Dynamic.UpdateDelegates.UpdateAndExecute1[T0,TRet](CallSite site, T0 arg0)
   於 nBasysNews.Program.Main(String[] args) 於 D:\Project\Gateway\nBasysNews\Program.cs: 行 53
11:23:23 [ERROR] 例外狀況:Microsoft.CSharp.RuntimeBinder.RuntimeBinderException: 'Newtonsoft.Json.Linq.JArray' 不包含 'length' 的定義
   於 CallSite.Target(Closure , CallSite , Object )
   於 System.Dynamic.UpdateDelegates.UpdateAndExecute1[T0,TRet](CallSite site, T0 arg0)
   於 nBasysNews.Program.Main(String[] args) 於 D:\Project\Gateway\nBasysNews\Program.cs: 行 53
11:25:51 [ERROR] 例外狀況:System.IndexOutOfRangeException: 索引在陣列的界限之外。
   於 nBasysNews.Program.Main(String[] args) 於 D:\Project\Gateway\nBasysNews\Program.cs: 行 51
11:25:55 [ERROR] 例外狀況:Microsoft.CSharp.RuntimeBinder.RuntimeBinderException: 'Newtonsoft.Json.Linq.JArray' 不包含 'length' 的定義
   於 CallSite.Target(Closure , CallSite , Object )
   於 System.Dynamic.UpdateDelegates.UpdateAndExecute1[T0,TRet](CallSite site, T0 arg0)
   於 nBasysNews.Program.Main(String[] args) 於 D:\Project\Gateway\nBasysNews\Program.cs: 行 53
11:28:53 [ERROR] 例外狀況:System.IndexOutOfRangeException: 索引在陣列的界限之外。
   於 nBasysNews.Program.Main(String[] args) 於 D:\Project\Gateway\nBasysNews\Program.cs: 行 51
11:28:57 [ERROR] 例外狀況:System.IndexOutOfRangeException: 索引在陣列的界限之外。
   於 nBasysNews.Program.Main(String[] args) 於 D:\Project\Gateway\nBasysNews\Program.cs: 行 51
11:29:00 [ERROR] 例外狀況:Microsoft.CSharp.RuntimeBinder.RuntimeBinderException: 'Newtonsoft.Json.Linq.JArray' 不包含 'billItemIndex' 的定義
   於 CallSite.Target(Closure , CallSite , Object )
   於 System.Dynamic.UpdateDelegates.UpdateAndExecute1[T0,TRet](CallSite site, T0 arg0)
   於 nBasysNews.Program.Main(String[] args) 於 D:\Project\Gateway\nBasysNews\Program.cs: 行 58
11:30:45 [ERROR] 例外狀況:System.IndexOutOfRangeException: 索引在陣列的界限之外。
   於 nBasysNews.Program.Main(String[] args) 於 D:\Project\Gateway\nBasysNews\Program.cs: 行 51
11:30:46 [INFOR] 執行nBasysNews Application
11:32:53 [ERROR] 例外狀況:System.IndexOutOfRangeException: 索引在陣列的界限之外。
   於 nBasysNews.Program.Main(String[] args) 於 D:\Project\Gateway\nBasysNews\Program.cs: 行 51
11:32:57 [ERROR] 例外狀況:Microsoft.CSharp.RuntimeBinder.RuntimeBinderException: 'Newtonsoft.Json.Linq.JArray' 不包含 'length' 的定義
   於 CallSite.Target(Closure , CallSite , Object )
   於 System.Dynamic.UpdateDelegates.UpdateAndExecute1[T0,TRet](CallSite site, T0 arg0)
   於 nBasysNews.Program.Main(String[] args) 於 D:\Project\Gateway\nBasysNews\Program.cs: 行 60
11:33:15 [ERROR] 例外狀況:System.IndexOutOfRangeException: 索引在陣列的界限之外。
   於 nBasysNews.Program.Main(String[] args) 於 D:\Project\Gateway\nBasysNews\Program.cs: 行 51
11:33:18 [INFOR] 執行nBasysNews Application
11:40:52 [ERROR] 例外狀況:System.IndexOutOfRangeException: 索引在陣列的界限之外。
   於 nBasysNews.Program.Main(String[] args) 於 D:\Project\Gateway\nBasysNews\Program.cs: 行 51
11:40:55 [ERROR] 例外狀況:Microsoft.CSharp.RuntimeBinder.RuntimeBinderException: 'Newtonsoft.Json.Linq.JArray' 不包含 'GetArrayLength' 的定義
   於 CallSite.Target(Closure , CallSite , Object )
   於 System.Dynamic.UpdateDelegates.UpdateAndExecute1[T0,TRet](CallSite site, T0 arg0)
   於 nBasysNews.Program.Main(String[] args) 於 D:\Project\Gateway\nBasysNews\Program.cs: 行 61
11:52:01 [ERROR] 例外狀況:System.IndexOutOfRangeException: 索引在陣列的界限之外。
   於 nBasysNews.Program.Main(String[] args) 於 D:\Project\Gateway\nBasysNews\Program.cs: 行 51
11:52:09 [ERROR] 例外狀況:Microsoft.CSharp.RuntimeBinder.RuntimeBinderException: 'Newtonsoft.Json.Linq.JArray' 不包含 'GetArrayLength' 的定義
   於 CallSite.Target(Closure , CallSite , Object )
   於 System.Dynamic.UpdateDelegates.UpdateAndExecute1[T0,TRet](CallSite site, T0 arg0)
   於 nBasysNews.Program.Main(String[] args) 於 D:\Project\Gateway\nBasysNews\Program.cs: 行 61
11:52:34 [ERROR] 例外狀況:System.IndexOutOfRangeException: 索引在陣列的界限之外。
   於 nBasysNews.Program.Main(String[] args) 於 D:\Project\Gateway\nBasysNews\Program.cs: 行 51
11:52:39 [ERROR] 例外狀況:Microsoft.CSharp.RuntimeBinder.RuntimeBinderException: 'Newtonsoft.Json.Linq.JArray' 不包含 'Length' 的定義
   於 CallSite.Target(Closure , CallSite , Object )
   於 System.Dynamic.UpdateDelegates.UpdateAndExecute1[T0,TRet](CallSite site, T0 arg0)
   於 nBasysNews.Program.Main(String[] args) 於 D:\Project\Gateway\nBasysNews\Program.cs: 行 61
11:53:21 [ERROR] 例外狀況:System.IndexOutOfRangeException: 索引在陣列的界限之外。
   於 nBasysNews.Program.Main(String[] args) 於 D:\Project\Gateway\nBasysNews\Program.cs: 行 51
11:53:24 [INFOR] 執行nBasysNews Application
12:34:46 [ERROR] 例外狀況:System.IndexOutOfRangeException: 索引在陣列的界限之外。
   於 nBasysNews.Program.Main(String[] args) 於 D:\Project\Gateway\nBasysNews\Program.cs: 行 51
12:34:57 [ERROR] 例外狀況:System.ArgumentOutOfRangeException: 索引超出範圍。必須為非負數且小於集合的大小。
參數名稱: index
   於 System.ThrowHelper.ThrowArgumentOutOfRangeException(ExceptionArgument argument, ExceptionResource resource)
   於 System.Collections.Generic.List`1.get_Item(Int32 index)
   於 Newtonsoft.Json.Linq.JContainer.GetItem(Int32 index)
   於 CallSite.Target(Closure , CallSite , Object , Int32 )
   於 nBasysNews.Program.Main(String[] args) 於 D:\Project\Gateway\nBasysNews\Program.cs: 行 76
12:36:50 [INFOR] 執行nBasysNews Application
12:37:02 [INFOR] 執行nBasysNews Application
12:37:29 [INFOR] 執行nBasysNews Application
13:34:00 [INFOR] 執行nBasysNews Application
13:37:33 [ERROR] 例外狀況:System.IndexOutOfRangeException: 索引在陣列的界限之外。
   於 nBasysNews.Program.Main(String[] args) 於 D:\Project\Gateway\nBasysNews\Program.cs: 行 51
13:37:42 [INFOR] 執行nBasysNews Application
13:37:47 [INFOR] 執行nBasysNews Application
13:38:31 [ERROR] 例外狀況:System.IndexOutOfRangeException: 索引在陣列的界限之外。
   於 nBasysNews.Program.Main(String[] args) 於 D:\Project\Gateway\nBasysNews\Program.cs: 行 51
13:38:37 [INFOR] 執行nBasysNews Application
13:40:14 [INFOR] 執行nBasysNews Application
13:40:29 [INFOR] 執行nBasysNews Application
13:40:50 [ERROR] 例外狀況:System.IndexOutOfRangeException: 索引在陣列的界限之外。
   於 nBasysNews.Program.Main(String[] args) 於 D:\Project\Gateway\nBasysNews\Program.cs: 行 51
13:40:59 [INFOR] 執行nBasysNews Application
13:41:49 [INFOR] 執行nBasysNews Application
13:43:39 [ERROR] 例外狀況:System.IndexOutOfRangeException: 索引在陣列的界限之外。
   於 nBasysNews.Program.Main(String[] args) 於 D:\Project\Gateway\nBasysNews\Program.cs: 行 51
13:43:49 [INFOR] 執行nBasysNews Application
13:43:56 [INFOR] 執行nBasysNews Application
13:44:01 [INFOR] 執行nBasysNews Application
13:44:04 [INFOR] 執行nBasysNews Application
13:44:07 [INFOR] 執行nBasysNews Application
13:44:44 [ERROR] 例外狀況:System.IndexOutOfRangeException: 索引在陣列的界限之外。
   於 nBasysNews.Program.Main(String[] args) 於 D:\Project\Gateway\nBasysNews\Program.cs: 行 51
13:44:49 [ERROR] 例外狀況:System.IndexOutOfRangeException: 索引在陣列的界限之外。
   於 nBasysNews.Program.Main(String[] args) 於 D:\Project\Gateway\nBasysNews\Program.cs: 行 51
13:44:51 [INFOR] 執行nBasysNews Application
13:45:17 [INFOR] 執行nBasysNews Application
13:45:19 [INFOR] 執行nBasysNews Application
13:45:22 [INFOR] 執行nBasysNews Application
13:45:44 [INFOR] 執行nBasysNews Application
13:46:20 [INFOR] 執行nBasysNews Application
13:46:24 [INFOR] 執行nBasysNews Application
13:49:42 [ERROR] 例外狀況:System.IndexOutOfRangeException: 索引在陣列的界限之外。
   於 nBasysNews.Program.Main(String[] args) 於 D:\Project\Gateway\nBasysNews\Program.cs: 行 51
13:49:47 [INFOR] 執行nBasysNews Application
13:49:57 [INFOR] 執行nBasysNews Application
13:50:32 [ERROR] 例外狀況:System.IndexOutOfRangeException: 索引在陣列的界限之外。
   於 nBasysNews.Program.Main(String[] args) 於 D:\Project\Gateway\nBasysNews\Program.cs: 行 51
13:50:38 [ERROR] 例外狀況:System.ArgumentOutOfRangeException: 索引超出範圍。必須為非負數且小於集合的大小。
參數名稱: index
   於 System.ThrowHelper.ThrowArgumentOutOfRangeException(ExceptionArgument argument, ExceptionResource resource)
   於 System.Collections.Generic.List`1.get_Item(Int32 index)
   於 Newtonsoft.Json.Linq.JContainer.GetItem(Int32 index)
   於 CallSite.Target(Closure , CallSite , Object , Int32 )
   於 nBasysNews.Program.Main(String[] args) 於 D:\Project\Gateway\nBasysNews\Program.cs: 行 78
13:50:58 [ERROR] 例外狀況:System.ArgumentOutOfRangeException: 索引超出範圍。必須為非負數且小於集合的大小。
參數名稱: index
   於 System.ThrowHelper.ThrowArgumentOutOfRangeException(ExceptionArgument argument, ExceptionResource resource)
   於 System.Collections.Generic.List`1.get_Item(Int32 index)
   於 Newtonsoft.Json.Linq.JContainer.GetItem(Int32 index)
   於 CallSite.Target(Closure , CallSite , Object , Int32 )
   於 nBasysNews.Program.Main(String[] args) 於 D:\Project\Gateway\nBasysNews\Program.cs: 行 78
13:51:18 [ERROR] 例外狀況:System.IndexOutOfRangeException: 索引在陣列的界限之外。
   於 nBasysNews.Program.Main(String[] args) 於 D:\Project\Gateway\nBasysNews\Program.cs: 行 51
13:52:06 [ERROR] 例外狀況:System.IndexOutOfRangeException: 索引在陣列的界限之外。
   於 nBasysNews.Program.Main(String[] args) 於 D:\Project\Gateway\nBasysNews\Program.cs: 行 51
13:52:10 [INFOR] 執行nBasysNews Application
13:52:53 [ERROR] 例外狀況:System.IndexOutOfRangeException: 索引在陣列的界限之外。
   於 nBasysNews.Program.Main(String[] args) 於 D:\Project\Gateway\nBasysNews\Program.cs: 行 51
13:52:57 [INFOR] 執行nBasysNews Application
13:53:20 [INFOR] 執行nBasysNews Application
13:53:26 [INFOR] 執行nBasysNews Application
13:53:41 [INFOR] 執行nBasysNews Application
13:53:51 [INFOR] 執行nBasysNews Application
13:54:55 [INFOR] 執行nBasysNews Application
13:58:12 [INFOR] 執行nBasysNews Application
13:58:14 [INFOR] 執行nBasysNews Application
14:01:19 [ERROR] 例外狀況:System.IndexOutOfRangeException: 索引在陣列的界限之外。
   於 nBasysNews.Program.Main(String[] args) 於 D:\Project\Gateway\nBasysNews\Program.cs: 行 51
14:01:35 [INFOR] 執行nBasysNews Application
14:02:24 [ERROR] 例外狀況:System.ArgumentOutOfRangeException: 索引超出範圍。必須為非負數且小於集合的大小。
參數名稱: index
   於 System.ThrowHelper.ThrowArgumentOutOfRangeException(ExceptionArgument argument, ExceptionResource resource)
   於 System.Collections.Generic.List`1.get_Item(Int32 index)
   於 Newtonsoft.Json.Linq.JContainer.GetItem(Int32 index)
   於 CallSite.Target(Closure , CallSite , Object , Int32 )
   於 nBasysNews.Program.Main(String[] args) 於 D:\Project\Gateway\nBasysNews\Program.cs: 行 78
14:02:30 [ERROR] 例外狀況:System.ArgumentOutOfRangeException: 索引超出範圍。必須為非負數且小於集合的大小。
參數名稱: index
   於 System.ThrowHelper.ThrowArgumentOutOfRangeException(ExceptionArgument argument, ExceptionResource resource)
   於 System.Collections.Generic.List`1.get_Item(Int32 index)
   於 Newtonsoft.Json.Linq.JContainer.GetItem(Int32 index)
   於 CallSite.Target(Closure , CallSite , Object , Int32 )
   於 nBasysNews.Program.Main(String[] args) 於 D:\Project\Gateway\nBasysNews\Program.cs: 行 78
14:06:50 [ERROR] 例外狀況:System.IndexOutOfRangeException: 索引在陣列的界限之外。
   於 nBasysNews.Program.Main(String[] args) 於 D:\Project\Gateway\nBasysNews\Program.cs: 行 51
14:07:01 [ERROR] 例外狀況:System.ArgumentOutOfRangeException: 索引超出範圍。必須為非負數且小於集合的大小。
參數名稱: index
   於 System.ThrowHelper.ThrowArgumentOutOfRangeException(ExceptionArgument argument, ExceptionResource resource)
   於 System.Collections.Generic.List`1.get_Item(Int32 index)
   於 Newtonsoft.Json.Linq.JContainer.GetItem(Int32 index)
   於 CallSite.Target(Closure , CallSite , Object , Int32 )
   於 nBasysNews.Program.Main(String[] args) 於 D:\Project\Gateway\nBasysNews\Program.cs: 行 79
14:07:43 [INFOR] 執行nBasysNews Application
14:07:56 [INFOR] 執行nBasysNews Application
14:09:40 [INFOR] 執行nBasysNews Application
14:10:03 [INFOR] 執行nBasysNews Application
14:10:26 [ERROR] 例外狀況:System.IndexOutOfRangeException: 索引在陣列的界限之外。
   於 nBasysNews.Program.Main(String[] args) 於 D:\Project\Gateway\nBasysNews\Program.cs: 行 51
14:10:29 [INFOR] 執行nBasysNews Application
14:15:29 [ERROR] 例外狀況:System.IndexOutOfRangeException: 索引在陣列的界限之外。
   於 nBasysNews.Program.Main(String[] args) 於 D:\Project\Gateway\nBasysNews\Program.cs: 行 51
14:15:34 [INFOR] 執行nBasysNews Application
14:15:39 [INFOR] 執行nBasysNews Application
14:24:13 [ERROR] 例外狀況:System.IndexOutOfRangeException: 索引在陣列的界限之外。
   於 nBasysNews.Program.Main(String[] args) 於 D:\Project\Gateway\nBasysNews\Program.cs: 行 51
14:24:21 [INFOR] 執行nBasysNews Application
14:24:26 [ERROR] 例外狀況:System.IndexOutOfRangeException: 索引在陣列的界限之外。
   於 nBasysNews.Program.Main(String[] args) 於 D:\Project\Gateway\nBasysNews\Program.cs: 行 51
14:24:27 [INFOR] 執行nBasysNews Application
14:24:41 [ERROR] 例外狀況:System.IndexOutOfRangeException: 索引在陣列的界限之外。
   於 nBasysNews.Program.Main(String[] args) 於 D:\Project\Gateway\nBasysNews\Program.cs: 行 51
14:24:44 [INFOR] 執行nBasysNews Application
14:25:17 [ERROR] 例外狀況:System.IndexOutOfRangeException: 索引在陣列的界限之外。
   於 nBasysNews.Program.Main(String[] args) 於 D:\Project\Gateway\nBasysNews\Program.cs: 行 51
14:25:21 [INFOR] 執行nBasysNews Application
14:25:25 [INFOR] 執行nBasysNews Application
14:25:35 [ERROR] 例外狀況:System.IndexOutOfRangeException: 索引在陣列的界限之外。
   於 nBasysNews.Program.Main(String[] args) 於 D:\Project\Gateway\nBasysNews\Program.cs: 行 51
14:28:54 [ERROR] 例外狀況:System.OverflowException: 數值對 Int32 而言太大或太小。
   於 System.Number.ParseInt32(String s, NumberStyles style, NumberFormatInfo info)
   於 System.Convert.ToInt32(String value)
   於 nBasysNews.Program.Main(String[] args) 於 D:\Project\Gateway\nBasysNews\Program.cs: 行 51
14:28:59 [ERROR] 例外狀況:System.OverflowException: 數值對 Int32 而言太大或太小。
   於 System.Number.ParseInt32(String s, NumberStyles style, NumberFormatInfo info)
   於 System.Convert.ToInt32(String value)
   於 nBasysNews.Program.Main(String[] args) 於 D:\Project\Gateway\nBasysNews\Program.cs: 行 51
14:29:18 [ERROR] 例外狀況:System.OverflowException: 數值對 Int32 而言太大或太小。
   於 System.Number.ParseInt32(String s, NumberStyles style, NumberFormatInfo info)
   於 System.Convert.ToInt32(String value)
   於 nBasysNews.Program.Main(String[] args) 於 D:\Project\Gateway\nBasysNews\Program.cs: 行 51
14:30:45 [ERROR] 例外狀況:System.IndexOutOfRangeException: 索引在陣列的界限之外。
   於 nBasysNews.Program.Main(String[] args) 於 D:\Project\Gateway\nBasysNews\Program.cs: 行 51
14:30:53 [INFOR] 執行nBasysNews Application
14:31:00 [INFOR] 執行nBasysNews Application
14:32:03 [ERROR] 例外狀況:System.IndexOutOfRangeException: 索引在陣列的界限之外。
   於 nBasysNews.Program.Main(String[] args) 於 D:\Project\Gateway\nBasysNews\Program.cs: 行 51
14:32:07 [INFOR] 執行nBasysNews Application
14:32:09 [INFOR] 執行nBasysNews Application
14:32:15 [INFOR] 執行nBasysNews Application
14:38:49 [ERROR] 例外狀況:System.IndexOutOfRangeException: 索引在陣列的界限之外。
   於 nBasysNews.Program.Main(String[] args) 於 D:\Project\Gateway\nBasysNews\Program.cs: 行 51
14:38:51 [INFOR] 則數錯誤!
14:38:51 [INFOR] 執行nBasysNews Application
14:38:57 [INFOR] 則數錯誤!
14:38:57 [INFOR] 執行nBasysNews Application
14:39:12 [INFOR] 執行nBasysNews Application
14:40:09 [INFOR] 則數錯誤!
14:40:09 [INFOR] 執行nBasysNews Application
14:40:13 [ERROR] 例外狀況:System.ArgumentOutOfRangeException: 索引超出範圍。必須為非負數且小於集合的大小。
參數名稱: index
   於 System.ThrowHelper.ThrowArgumentOutOfRangeException(ExceptionArgument argument, ExceptionResource resource)
   於 System.Collections.Generic.List`1.get_Item(Int32 index)
   於 Newtonsoft.Json.Linq.JContainer.GetItem(Int32 index)
   於 CallSite.Target(Closure , CallSite , Object , Int32 )
   於 nBasysNews.Program.Main(String[] args) 於 D:\Project\Gateway\nBasysNews\Program.cs: 行 77
14:42:28 [ERROR] 例外狀況:System.IndexOutOfRangeException: 索引在陣列的界限之外。
   於 nBasysNews.Program.Main(String[] args) 於 D:\Project\Gateway\nBasysNews\Program.cs: 行 51
14:42:34 [INFOR] 執行nBasysNews Application
14:42:37 [INFOR] 則數錯誤!
14:42:37 [INFOR] 執行nBasysNews Application
14:42:47 [INFOR] 則數錯誤!
14:42:47 [INFOR] 執行nBasysNews Application
14:42:55 [INFOR] 執行nBasysNews Application
14:45:04 [ERROR] 例外狀況:System.IndexOutOfRangeException: 索引在陣列的界限之外。
   於 nBasysNews.Program.Main(String[] args) 於 D:\Project\Gateway\nBasysNews\Program.cs: 行 51
14:45:15 [INFOR] 執行nBasysNews Application
15:32:48 [INFOR] 則數錯誤!
15:32:48 [INFOR] 執行nBasysNews Application
15:32:51 [INFOR] 執行nBasysNews Application
15:36:10 [ERROR] 例外狀況:System.IndexOutOfRangeException: 索引在陣列的界限之外。
   於 nBasysNews.Program.Main(String[] args) 於 D:\Project\Gateway\nBasysNews\Program.cs: 行 51
15:36:14 [INFOR] 執行nBasysNews Application
15:41:15 [ERROR] 例外狀況:System.IndexOutOfRangeException: 索引在陣列的界限之外。
   於 nBasysNews.Program.Main(String[] args) 於 D:\Project\Gateway\nBasysNews\Program.cs: 行 51
15:41:18 [INFOR] 執行nBasysNews Application
15:50:01 [ERROR] 例外狀況:System.IndexOutOfRangeException: 索引在陣列的界限之外。
   於 nBasysNews.Program.Main(String[] args) 於 D:\Project\Gateway\nBasysNews\Program.cs: 行 51
15:50:06 [INFOR] 執行nBasysNews Application
15:50:53 [ERROR] 例外狀況:System.ArgumentOutOfRangeException: 索引超出範圍。必須為非負數且小於集合的大小。
參數名稱: index
   於 System.ThrowHelper.ThrowArgumentOutOfRangeException(ExceptionArgument argument, ExceptionResource resource)
   於 System.Collections.Generic.List`1.get_Item(Int32 index)
   於 Newtonsoft.Json.Linq.JContainer.GetItem(Int32 index)
   於 CallSite.Target(Closure , CallSite , Object , Int32 )
   於 nBasysNews.Program.Main(String[] args) 於 D:\Project\Gateway\nBasysNews\Program.cs: 行 97
15:52:35 [ERROR] 例外狀況:System.IndexOutOfRangeException: 索引在陣列的界限之外。
   於 nBasysNews.Program.Main(String[] args) 於 D:\Project\Gateway\nBasysNews\Program.cs: 行 51
15:52:43 [INFOR] 執行nBasysNews Application
15:53:21 [INFOR] 執行nBasysNews Application
15:53:39 [INFOR] 執行nBasysNews Application
15:54:02 [INFOR] 執行nBasysNews Application
15:57:23 [ERROR] 例外狀況:System.IndexOutOfRangeException: 索引在陣列的界限之外。
   於 nBasysNews.Program.Main(String[] args) 於 D:\Project\Gateway\nBasysNews\Program.cs: 行 51
15:57:30 [INFOR] 執行nBasysNews Application
15:58:27 [INFOR] 則數錯誤!
15:58:27 [INFOR] 執行nBasysNews Application
15:58:41 [INFOR] 執行nBasysNews Application
15:59:43 [INFOR] 則數錯誤!
15:59:43 [INFOR] 執行nBasysNews Application
15:59:46 [INFOR] 則數錯誤!
15:59:46 [INFOR] 執行nBasysNews Application
16:01:26 [INFOR] 執行nBasysNews Application
16:05:46 [ERROR] 例外狀況:System.IndexOutOfRangeException: 索引在陣列的界限之外。
   於 nBasysNews.Program.Main(String[] args) 於 D:\Project\Gateway\nBasysNews\Program.cs: 行 51
16:05:53 [INFOR] 執行nBasysNews Application
16:06:03 [INFOR] 執行nBasysNews Application
16:08:11 [INFOR] 則數錯誤!
16:08:11 [INFOR] 執行nBasysNews Application
16:08:15 [INFOR] 執行nBasysNews Application
16:17:18 [ERROR] 例外狀況:System.IndexOutOfRangeException: 索引在陣列的界限之外。
   於 nBasysNews.Program.Main(String[] args) 於 D:\Project\Gateway\nBasysNews\Program.cs: 行 51
16:17:22 [INFOR] 則數錯誤!
16:17:22 [INFOR] 執行nBasysNews Application
16:17:26 [INFOR] 執行nBasysNews Application
16:18:03 [INFOR] 執行nBasysNews Application
16:19:03 [ERROR] 例外狀況:System.IndexOutOfRangeException: 索引在陣列的界限之外。
   於 nBasysNews.Program.Main(String[] args) 於 D:\Project\Gateway\nBasysNews\Program.cs: 行 51
16:20:14 [ERROR] 例外狀況:System.IndexOutOfRangeException: 索引在陣列的界限之外。
   於 nBasysNews.Program.Main(String[] args) 於 D:\Project\Gateway\nBasysNews\Program.cs: 行 51
16:20:18 [ERROR] 例外狀況:System.ArgumentOutOfRangeException: 索引超出範圍。必須為非負數且小於集合的大小。
參數名稱: index
   於 System.ThrowHelper.ThrowArgumentOutOfRangeException(ExceptionArgument argument, ExceptionResource resource)
   於 System.Collections.Generic.List`1.get_Item(Int32 index)
   於 Newtonsoft.Json.Linq.JContainer.GetItem(Int32 index)
   於 CallSite.Target(Closure , CallSite , Object , Int32 )
   於 nBasysNews.Program.Main(String[] args) 於 D:\Project\Gateway\nBasysNews\Program.cs: 行 84
16:20:45 [ERROR] 例外狀況:System.IndexOutOfRangeException: 索引在陣列的界限之外。
   於 nBasysNews.Program.Main(String[] args) 於 D:\Project\Gateway\nBasysNews\Program.cs: 行 51
16:20:49 [ERROR] 例外狀況:System.ArgumentOutOfRangeException: 索引超出範圍。必須為非負數且小於集合的大小。
參數名稱: index
   於 System.ThrowHelper.ThrowArgumentOutOfRangeException(ExceptionArgument argument, ExceptionResource resource)
   於 System.Collections.Generic.List`1.get_Item(Int32 index)
   於 Newtonsoft.Json.Linq.JContainer.GetItem(Int32 index)
   於 CallSite.Target(Closure , CallSite , Object , Int32 )
   於 nBasysNews.Program.Main(String[] args) 於 D:\Project\Gateway\nBasysNews\Program.cs: 行 84
16:56:18 [ERROR] 例外狀況:System.IndexOutOfRangeException: 索引在陣列的界限之外。
   於 nBasysNews.Program.Main(String[] args) 於 D:\Project\Gateway\nBasysNews\Program.cs: 行 51
16:56:21 [ERROR] 例外狀況:System.ArgumentOutOfRangeException: 索引超出範圍。必須為非負數且小於集合的大小。
參數名稱: index
   於 System.ThrowHelper.ThrowArgumentOutOfRangeException(ExceptionArgument argument, ExceptionResource resource)
   於 System.Collections.Generic.List`1.get_Item(Int32 index)
   於 Newtonsoft.Json.Linq.JContainer.GetItem(Int32 index)
   於 CallSite.Target(Closure , CallSite , Object , Int32 )
   於 nBasysNews.Program.Main(String[] args) 於 D:\Project\Gateway\nBasysNews\Program.cs: 行 84
16:57:23 [ERROR] 例外狀況:System.IndexOutOfRangeException: 索引在陣列的界限之外。
   於 nBasysNews.Program.Main(String[] args) 於 D:\Project\Gateway\nBasysNews\Program.cs: 行 51
16:57:25 [ERROR] 例外狀況:System.ArgumentOutOfRangeException: 索引超出範圍。必須為非負數且小於集合的大小。
參數名稱: index
   於 System.ThrowHelper.ThrowArgumentOutOfRangeException(ExceptionArgument argument, ExceptionResource resource)
   於 System.Collections.Generic.List`1.get_Item(Int32 index)
   於 Newtonsoft.Json.Linq.JContainer.GetItem(Int32 index)
   於 CallSite.Target(Closure , CallSite , Object , Int32 )
   於 nBasysNews.Program.Main(String[] args) 於 D:\Project\Gateway\nBasysNews\Program.cs: 行 84
16:58:19 [ERROR] 例外狀況:System.IndexOutOfRangeException: 索引在陣列的界限之外。
   於 nBasysNews.Program.Main(String[] args) 於 D:\Project\Gateway\nBasysNews\Program.cs: 行 51
16:58:22 [INFOR] 執行nBasysNews Application
16:58:29 [INFOR] 執行nBasysNews Application
17:01:48 [ERROR] 例外狀況:System.IndexOutOfRangeException: 索引在陣列的界限之外。
   於 nBasysNews.Program.Main(String[] args) 於 D:\Project\Gateway\nBasysNews\Program.cs: 行 51
17:01:50 [INFOR] 執行nBasysNews Application
17:02:08 [INFOR] 執行nBasysNews Application
17:02:45 [ERROR] 例外狀況:System.IndexOutOfRangeException: 索引在陣列的界限之外。
   於 nBasysNews.Program.Main(String[] args) 於 D:\Project\Gateway\nBasysNews\Program.cs: 行 51
17:02:48 [INFOR] 執行nBasysNews Application
17:02:52 [INFOR] 執行nBasysNews Application
17:03:28 [ERROR] 例外狀況:System.IndexOutOfRangeException: 索引在陣列的界限之外。
   於 nBasysNews.Program.Main(String[] args) 於 D:\Project\Gateway\nBasysNews\Program.cs: 行 51
17:03:31 [INFOR] 執行nBasysNews Application
17:04:29 [ERROR] 例外狀況:System.IndexOutOfRangeException: 索引在陣列的界限之外。
   於 nBasysNews.Program.Main(String[] args) 於 D:\Project\Gateway\nBasysNews\Program.cs: 行 51
17:05:06 [ERROR] 例外狀況:System.IndexOutOfRangeException: 索引在陣列的界限之外。
   於 nBasysNews.Program.Main(String[] args) 於 D:\Project\Gateway\nBasysNews\Program.cs: 行 51
17:05:16 [INFOR] 則數錯誤!
17:05:16 [INFOR] 執行nBasysNews Application
17:05:19 [INFOR] 執行nBasysNews Application
17:05:37 [ERROR] 例外狀況:System.IndexOutOfRangeException: 索引在陣列的界限之外。
   於 nBasysNews.Program.Main(String[] args) 於 D:\Project\Gateway\nBasysNews\Program.cs: 行 51
17:05:39 [INFOR] 執行nBasysNews Application
17:07:52 [ERROR] 例外狀況:System.IndexOutOfRangeException: 索引在陣列的界限之外。
   於 nBasysNews.Program.Main(String[] args) 於 D:\Project\Gateway\nBasysNews\Program.cs: 行 51
17:08:09 [INFOR] 執行nBasysNews Application
17:08:51 [ERROR] 例外狀況:System.IndexOutOfRangeException: 索引在陣列的界限之外。
   於 nBasysNews.Program.Main(String[] args) 於 D:\Project\Gateway\nBasysNews\Program.cs: 行 51
17:08:58 [INFOR] 執行nBasysNews Application
17:10:08 [ERROR] 例外狀況:System.IndexOutOfRangeException: 索引在陣列的界限之外。
   於 nBasysNews.Program.Main(String[] args) 於 D:\Project\Gateway\nBasysNews\Program.cs: 行 51
17:10:22 [INFOR] 執行nBasysNews Application
17:10:33 [INFOR] 執行nBasysNews Application
